2022-07-06 10:24:28
SELECT TOP 1 a.[Id], a.[CreateUserId], a.[CreateDate], a.[UpdateUserId], a.[UpdateDate], a.[IsDel], a.[Version], a.[UserId], a.[OpenId], a.[UserName], a.[Password], a.[PasswordSalt], a.[NickName], a.[Portrait], a.[Email], a.[Phone], a.[UserScore], a.[UserScoreSum], a.[UserEvaluationSum], a.[UserStatus], a.[LastLoginIp], a.[LastLoginDate] 
FROM [T_User_Info] a 
WHERE (a.[UserName] = N'admin') AND (a.[IsDel] = 0)

2022-07-06 10:24:28
UPDATE [T_User_Info] SET [UpdateUserId] = N'', [LastLoginIp] = N'127.0.0.1', [LastLoginDate] = '2022-07-06 10:24:28.965', [UpdateDate] = getdate(), [Version] = isnull([Version], 0) + 1 
WHERE ([UserId] = N'AE9FE675507740B39CD5F1D87E028E49') AND ([IsDel] = 0)

2022-07-06 10:24:29
INSERT INTO [T_Record_Login]([Id], [CreateUserId], [CreateDate], [LogId], [UserName], [IP], [Browser], [Os], [Device], [BrowserInfo], [ElapsedMilliseconds], [Status], [Msg], [Result], [IsDel]) VALUES(N'B7990C29-5944-454E-9763-8CA84B3160B0', N'AE9FE675507740B39CD5F1D87E028E49', getdate(), N'0015e051-6f41-4299-8c4b-5e7f7895bd98', N'admin', N'127.0.0.1', N'Chrome', N'Windows', N'', N'Mozilla/5.0 (Windows NT 10.0; Win64; x64) AppleWebKit/537.36 (KHTML, like Gecko) Chrome/103.0.0.0 Safari/537.36', 198, 1, N'success', NULL, 0)

2022-07-06 10:24:29
SELECT a.[Id] as1, a.[CreateUserId] as2, a.[CreateDate] as3, a.[UpdateUserId] as4, a.[UpdateDate] as5, a.[IsDel] as6, a.[Version] as7, a.[UserId] as8, a.[OpenId] as9, a.[UserName] as10, a.[Password] as11, a.[PasswordSalt] as12, a.[NickName] as13, a.[Portrait] as14, a.[Email] as15, a.[Phone] as16, a.[UserScore] as17, a.[UserScoreSum] as18, a.[UserEvaluationSum] as19, a.[UserStatus] as20, a.[LastLoginIp] as21, a.[LastLoginDate] as22 
FROM [T_User_Info] a 
WHERE (a.[UserId] = N'AE9FE675507740B39CD5F1D87E028E49') AND (a.[IsDel] = 0)

2022-07-06 10:25:19
SELECT a.[UserId] as1 
FROM [T_Auth_UserRole] a 
INNER JOIN [T_Auth_Role] r ON a.[RoleId] = r.[RoleId] AND (r.[IsDel] = 0) 
WHERE (r.[RoleType] = 999) AND (a.[IsDel] = 0)

2022-07-06 10:25:19
SELECT a.[HttpMethods] as1, a.[Path] as2 
FROM [T_Auth_Api] a 
WHERE (exists(SELECT TOP 1 1 
    FROM [T_Auth_UserRole] b 
    INNER JOIN [T_Auth_RolePermission] c ON b.[RoleId] = c.[RoleId] AND b.[UserId] = N'AE9FE675507740B39CD5F1D87E028E49' AND (c.[IsDel] = 0) 
    INNER JOIN [T_Auth_PermissionApi] d ON c.[PermissionId] = d.[PermissionId] AND (d.[IsDel] = 0) 
    WHERE (d.[ApiId] = a.[ApiId]) AND (b.[IsDel] = 0))) AND (a.[ApiVersion] = N'S_V1') AND (a.[IsDel] = 0)

2022-07-06 10:51:08
INSERT INTO [T_User_Info]([Id], [CreateUserId], [CreateDate], [UpdateDate], [IsDel], [Version], [UserId], [OpenId], [UserName], [Password], [PasswordSalt], [NickName], [Portrait], [Email], [Phone], [UserScore], [UserScoreSum], [UserEvaluationSum], [UserStatus], [LastLoginIp], [LastLoginDate]) VALUES(N'CA98F53B-AA33-49F9-9869-021E5A88DF03', N'AE9FE675507740B39CD5F1D87E028E49', getdate(), getdate(), 0, 0, N'CA2D700C59B34EA7A1BBB4F82B99FB79', NULL, N'administrator', N'4E037DDDA485C8AFF6447E178C44903A', N'C3DE25681B80C5F5', N'超级管理员', NULL, NULL, NULL, 0, 0, 0, 1, N'', NULL)

2022-07-06 10:51:08
SELECT TOP 1 a.[Id], a.[CreateUserId], a.[CreateDate], a.[UpdateUserId], a.[UpdateDate], a.[IsDel], a.[Version], a.[RoleId], a.[Name], a.[RoleType], a.[Description], a.[IsActive], a.[Sort] 
FROM [T_Auth_Role] a 
WHERE (a.[RoleType] = 200) AND (a.[IsDel] = 0)

2022-07-06 10:51:08
INSERT INTO [T_Auth_UserRole]([Id], [CreateUserId], [CreateDate], [UpdateDate], [IsDel], [Version], [UserRoleId], [UserId], [RoleId]) VALUES(N'E5B05402-4E2C-4E79-A709-D1CACAFEAA15', N'AE9FE675507740B39CD5F1D87E028E49', getdate(), getdate(), 0, 0, N'E36A802D-09AF-47D5-A627-2317B8AB023F', N'CA2D700C59B34EA7A1BBB4F82B99FB79', N'D087288F-E5A2-4C29-B5C6-EC10BE24870D')

2022-07-06 10:51:09
INSERT INTO [T_Record_Operation]([Id], [CreateUserId], [CreateDate], [LogId], [UserName], [IP], [Browser], [Os], [Device], [BrowserInfo], [ElapsedMilliseconds], [Status], [Msg], [Result], [IsDel], [ApiLabel], [ApiPath], [ApiMethod], [Params]) VALUES(N'DF0C3D71-7E81-4DD0-A4FD-A6EC26C79CD2', N'AE9FE675507740B39CD5F1D87E028E49', getdate(), N'd9bf681c-8f06-4eca-85c0-4aa763eccae0', N'admin', N'127.0.0.1', N'Chrome', N'Windows', N'', N'Mozilla/5.0 (Windows NT 10.0; Win64; x64) AppleWebKit/537.36 (KHTML, like Gecko) Chrome/103.0.0.0 Safari/537.36', 126, 1, N'注册成功', NULL, 0, NULL, N'api/s/v1/user/account/register', N'post', NULL)

2022-07-06 10:57:28
SELECT TOP 1 a.[Id], a.[CreateUserId], a.[CreateDate], a.[UpdateUserId], a.[UpdateDate], a.[IsDel], a.[Version], a.[UserId], a.[OpenId], a.[UserName], a.[Password], a.[PasswordSalt], a.[NickName], a.[Portrait], a.[Email], a.[Phone], a.[UserScore], a.[UserScoreSum], a.[UserEvaluationSum], a.[UserStatus], a.[LastLoginIp], a.[LastLoginDate] 
FROM [T_User_Info] a 
WHERE (a.[UserName] = N'administrator') AND (a.[IsDel] = 0)

2022-07-06 10:57:28
UPDATE [T_User_Info] SET [UpdateUserId] = N'AE9FE675507740B39CD5F1D87E028E49', [LastLoginIp] = N'127.0.0.1', [LastLoginDate] = '2022-07-06 10:57:28.282', [UpdateDate] = getdate(), [Version] = isnull([Version], 0) + 1 
WHERE ([UserId] = N'CA2D700C59B34EA7A1BBB4F82B99FB79') AND ([IsDel] = 0)

2022-07-06 10:57:28
INSERT INTO [T_Record_Login]([Id], [CreateUserId], [CreateDate], [LogId], [UserName], [IP], [Browser], [Os], [Device], [BrowserInfo], [ElapsedMilliseconds], [Status], [Msg], [Result], [IsDel]) VALUES(N'1B158FE3-1BE6-421A-906C-E1204096DCC7', N'CA2D700C59B34EA7A1BBB4F82B99FB79', getdate(), N'c0710712-fef9-49df-9bb9-d58ea3c94fe6', N'administrator', N'127.0.0.1', N'Chrome', N'Windows', N'', N'Mozilla/5.0 (Windows NT 10.0; Win64; x64) AppleWebKit/537.36 (KHTML, like Gecko) Chrome/103.0.0.0 Safari/537.36', 122, 1, N'success', NULL, 0)

2022-07-06 10:57:28
SELECT a.[Id] as1, a.[CreateUserId] as2, a.[CreateDate] as3, a.[UpdateUserId] as4, a.[UpdateDate] as5, a.[IsDel] as6, a.[Version] as7, a.[UserId] as8, a.[OpenId] as9, a.[UserName] as10, a.[Password] as11, a.[PasswordSalt] as12, a.[NickName] as13, a.[Portrait] as14, a.[Email] as15, a.[Phone] as16, a.[UserScore] as17, a.[UserScoreSum] as18, a.[UserEvaluationSum] as19, a.[UserStatus] as20, a.[LastLoginIp] as21, a.[LastLoginDate] as22 
FROM [T_User_Info] a 
WHERE (a.[UserId] = N'CA2D700C59B34EA7A1BBB4F82B99FB79') AND (a.[IsDel] = 0)

2022-07-06 10:58:07
SELECT a.[UserId] as1 
FROM [T_Auth_UserRole] a 
INNER JOIN [T_Auth_Role] r ON a.[RoleId] = r.[RoleId] AND (r.[IsDel] = 0) 
WHERE (r.[RoleType] = 999) AND (a.[IsDel] = 0)

2022-07-06 10:58:07
SELECT a.[HttpMethods] as1, a.[Path] as2 
FROM [T_Auth_Api] a 
WHERE (exists(SELECT TOP 1 1 
    FROM [T_Auth_UserRole] b 
    INNER JOIN [T_Auth_RolePermission] c ON b.[RoleId] = c.[RoleId] AND b.[UserId] = N'CA2D700C59B34EA7A1BBB4F82B99FB79' AND (c.[IsDel] = 0) 
    INNER JOIN [T_Auth_PermissionApi] d ON c.[PermissionId] = d.[PermissionId] AND (d.[IsDel] = 0) 
    WHERE (d.[ApiId] = a.[ApiId]) AND (b.[IsDel] = 0))) AND (a.[ApiVersion] = N'S_V1') AND (a.[IsDel] = 0)

2022-07-06 11:11:34
SELECT TOP 1 a.[Id], a.[CreateUserId], a.[CreateDate], a.[UpdateUserId], a.[UpdateDate], a.[IsDel], a.[Version], a.[UserId], a.[OpenId], a.[UserName], a.[Password], a.[PasswordSalt], a.[NickName], a.[Portrait], a.[Email], a.[Phone], a.[UserScore], a.[UserScoreSum], a.[UserEvaluationSum], a.[UserStatus], a.[LastLoginIp], a.[LastLoginDate] 
FROM [T_User_Info] a 
WHERE (a.[UserName] = N'administrator') AND (a.[IsDel] = 0)

2022-07-06 11:11:34
UPDATE [T_User_Info] SET [UpdateUserId] = N'', [LastLoginIp] = N'127.0.0.1', [LastLoginDate] = '2022-07-06 11:11:34.866', [UpdateDate] = getdate(), [Version] = isnull([Version], 0) + 1 
WHERE ([UserId] = N'CA2D700C59B34EA7A1BBB4F82B99FB79') AND ([IsDel] = 0)

2022-07-06 11:11:35
INSERT INTO [T_Record_Login]([Id], [CreateUserId], [CreateDate], [LogId], [UserName], [IP], [Browser], [Os], [Device], [BrowserInfo], [ElapsedMilliseconds], [Status], [Msg], [Result], [IsDel]) VALUES(N'C86FEF13-B556-4FB5-BB89-DA784E91F305', N'CA2D700C59B34EA7A1BBB4F82B99FB79', getdate(), N'c843f58b-cf46-4d7e-a489-a23445e3b9dc', N'administrator', N'127.0.0.1', N'Chrome', N'Windows', N'', N'Mozilla/5.0 (Windows NT 10.0; Win64; x64) AppleWebKit/537.36 (KHTML, like Gecko) Chrome/103.0.0.0 Safari/537.36', 462, 1, N'success', NULL, 0)

2022-07-06 11:11:35
SELECT a.[Id] as1, a.[CreateUserId] as2, a.[CreateDate] as3, a.[UpdateUserId] as4, a.[UpdateDate] as5, a.[IsDel] as6, a.[Version] as7, a.[UserId] as8, a.[OpenId] as9, a.[UserName] as10, a.[Password] as11, a.[PasswordSalt] as12, a.[NickName] as13, a.[Portrait] as14, a.[Email] as15, a.[Phone] as16, a.[UserScore] as17, a.[UserScoreSum] as18, a.[UserEvaluationSum] as19, a.[UserStatus] as20, a.[LastLoginIp] as21, a.[LastLoginDate] as22 
FROM [T_User_Info] a 
WHERE (a.[UserId] = N'CA2D700C59B34EA7A1BBB4F82B99FB79') AND (a.[IsDel] = 0)

2022-07-06 11:12:34
SELECT a.[UserId] as1 
FROM [T_Auth_UserRole] a 
INNER JOIN [T_Auth_Role] r ON a.[RoleId] = r.[RoleId] AND (r.[IsDel] = 0) 
WHERE (r.[RoleType] = 999) AND (a.[IsDel] = 0)

2022-07-06 11:12:42
SELECT a.[HttpMethods] as1, a.[Path] as2 
FROM [T_Auth_Api] a 
WHERE (exists(SELECT TOP 1 1 
    FROM [T_Auth_UserRole] b 
    INNER JOIN [T_Auth_RolePermission] c ON b.[RoleId] = c.[RoleId] AND b.[UserId] = N'CA2D700C59B34EA7A1BBB4F82B99FB79' AND (c.[IsDel] = 0) 
    INNER JOIN [T_Auth_PermissionApi] d ON c.[PermissionId] = d.[PermissionId] AND (d.[IsDel] = 0) 
    WHERE (d.[ApiId] = a.[ApiId]) AND (b.[IsDel] = 0))) AND (a.[ApiVersion] = N'S_V1') AND (a.[IsDel] = 0)

2022-07-06 11:31:21
SELECT TOP 1 a.[Id], a.[CreateUserId], a.[CreateDate], a.[UpdateUserId], a.[UpdateDate], a.[IsDel], a.[Version], a.[UserId], a.[OpenId], a.[UserName], a.[Password], a.[PasswordSalt], a.[NickName], a.[Portrait], a.[Email], a.[Phone], a.[UserScore], a.[UserScoreSum], a.[UserEvaluationSum], a.[UserStatus], a.[LastLoginIp], a.[LastLoginDate] 
FROM [T_User_Info] a 
WHERE (a.[UserName] = N'administrator') AND (a.[IsDel] = 0)

2022-07-06 11:31:22
UPDATE [T_User_Info] SET [UpdateUserId] = N'', [LastLoginIp] = N'127.0.0.1', [LastLoginDate] = '2022-07-06 11:31:22.246', [UpdateDate] = getdate(), [Version] = isnull([Version], 0) + 1 
WHERE ([UserId] = N'CA2D700C59B34EA7A1BBB4F82B99FB79') AND ([IsDel] = 0)

2022-07-06 11:31:22
INSERT INTO [T_Record_Login]([Id], [CreateUserId], [CreateDate], [LogId], [UserName], [IP], [Browser], [Os], [Device], [BrowserInfo], [ElapsedMilliseconds], [Status], [Msg], [Result], [IsDel]) VALUES(N'7F527E97-828B-4BF3-9247-C06E27FB9F72', N'CA2D700C59B34EA7A1BBB4F82B99FB79', getdate(), N'14301fed-03d6-4979-9658-cefd9bcfc9f3', N'administrator', N'127.0.0.1', N'Chrome', N'Windows', N'', N'Mozilla/5.0 (Windows NT 10.0; Win64; x64) AppleWebKit/537.36 (KHTML, like Gecko) Chrome/103.0.0.0 Safari/537.36', 430, 1, N'success', NULL, 0)

2022-07-06 11:31:22
SELECT a.[Id] as1, a.[CreateUserId] as2, a.[CreateDate] as3, a.[UpdateUserId] as4, a.[UpdateDate] as5, a.[IsDel] as6, a.[Version] as7, a.[UserId] as8, a.[OpenId] as9, a.[UserName] as10, a.[Password] as11, a.[PasswordSalt] as12, a.[NickName] as13, a.[Portrait] as14, a.[Email] as15, a.[Phone] as16, a.[UserScore] as17, a.[UserScoreSum] as18, a.[UserEvaluationSum] as19, a.[UserStatus] as20, a.[LastLoginIp] as21, a.[LastLoginDate] as22 
FROM [T_User_Info] a 
WHERE (a.[UserId] = N'CA2D700C59B34EA7A1BBB4F82B99FB79') AND (a.[IsDel] = 0)

2022-07-06 11:31:53
SELECT a.[UserId] as1 
FROM [T_Auth_UserRole] a 
INNER JOIN [T_Auth_Role] r ON a.[RoleId] = r.[RoleId] AND (r.[IsDel] = 0) 
WHERE (r.[RoleType] = 999) AND (a.[IsDel] = 0)

2022-07-06 11:31:53
SELECT count(1) as1 
FROM [T_Auth_Role] a 
WHERE (a.[IsDel] = 0)

2022-07-06 11:31:53
SELECT TOP 10 a.[Id] as1, a.[RoleId] as2, a.[Name] as3, a.[RoleType] as4, a.[Description] as5, a.[IsActive] as6, a.[CreateDate] as7 
FROM [T_Auth_Role] a 
WHERE (a.[IsDel] = 0) 
ORDER BY a.[RoleId] DESC

2022-07-06 11:31:53
INSERT INTO [T_Record_Operation]([Id], [CreateUserId], [CreateDate], [LogId], [UserName], [IP], [Browser], [Os], [Device], [BrowserInfo], [ElapsedMilliseconds], [Status], [Msg], [Result], [IsDel], [ApiLabel], [ApiPath], [ApiMethod], [Params]) VALUES(N'6A79D24C-9E9F-41D9-A7FA-7841222105DF', N'CA2D700C59B34EA7A1BBB4F82B99FB79', getdate(), N'56d6b9e4-65cf-419c-a933-3ef7ef7af725', N'administrator', N'127.0.0.1', N'Chrome', N'Windows', N'', N'Mozilla/5.0 (Windows NT 10.0; Win64; x64) AppleWebKit/537.36 (KHTML, like Gecko) Chrome/103.0.0.0 Safari/537.36', 126, 1, N'success', NULL, 0, NULL, N'api/s/v1/auth/role/getpage', N'get', NULL)

2022-07-06 11:34:21
SELECT count(1) as1 
FROM [T_Auth_Role] a 
WHERE (a.[IsDel] = 0)

2022-07-06 11:34:21
SELECT TOP 10 a.[Id] as1, a.[RoleId] as2, a.[Name] as3, a.[RoleType] as4, a.[Description] as5, a.[IsActive] as6, a.[CreateDate] as7 
FROM [T_Auth_Role] a 
WHERE (a.[IsDel] = 0) 
ORDER BY a.[RoleId] DESC

2022-07-06 11:34:21
INSERT INTO [T_Record_Operation]([Id], [CreateUserId], [CreateDate], [LogId], [UserName], [IP], [Browser], [Os], [Device], [BrowserInfo], [ElapsedMilliseconds], [Status], [Msg], [Result], [IsDel], [ApiLabel], [ApiPath], [ApiMethod], [Params]) VALUES(N'C2622246-1CB4-4A77-8370-4700E095AE8D', N'CA2D700C59B34EA7A1BBB4F82B99FB79', getdate(), N'74562d25-847e-4bba-9f3d-8e3041fc1040', N'administrator', N'127.0.0.1', N'Chrome', N'Windows', N'', N'Mozilla/5.0 (Windows NT 10.0; Win64; x64) AppleWebKit/537.36 (KHTML, like Gecko) Chrome/103.0.0.0 Safari/537.36', 111, 1, N'success', NULL, 0, NULL, N'api/s/v1/auth/role/getpage', N'get', NULL)

2022-07-06 11:46:32
SELECT count(1) as1 
FROM [T_Auth_Role] a 
WHERE (a.[IsDel] = 0)

2022-07-06 11:46:32
SELECT TOP 10 a.[Id] as1, a.[RoleId] as2, a.[Name] as3, a.[RoleType] as4, a.[Description] as5, a.[IsActive] as6, a.[CreateDate] as7 
FROM [T_Auth_Role] a 
WHERE (a.[IsDel] = 0) 
ORDER BY a.[RoleId] DESC

2022-07-06 11:46:32
INSERT INTO [T_Record_Operation]([Id], [CreateUserId], [CreateDate], [LogId], [UserName], [IP], [Browser], [Os], [Device], [BrowserInfo], [ElapsedMilliseconds], [Status], [Msg], [Result], [IsDel], [ApiLabel], [ApiPath], [ApiMethod], [Params]) VALUES(N'6D50C868-3071-481F-890F-AE6BCA63A767', N'CA2D700C59B34EA7A1BBB4F82B99FB79', getdate(), N'9de05b9b-a72c-4783-98b4-eced61e9edc8', N'administrator', N'127.0.0.1', N'Chrome', N'Windows', N'', N'Mozilla/5.0 (Windows NT 10.0; Win64; x64) AppleWebKit/537.36 (KHTML, like Gecko) Chrome/103.0.0.0 Safari/537.36', 88, 1, N'success', NULL, 0, NULL, N'api/s/v1/auth/role/getpage', N'get', NULL)

2022-07-06 14:06:41
SELECT TOP 1 a.[Id], a.[CreateUserId], a.[CreateDate], a.[UpdateUserId], a.[UpdateDate], a.[IsDel], a.[Version], a.[UserId], a.[OpenId], a.[UserName], a.[Password], a.[PasswordSalt], a.[NickName], a.[Portrait], a.[Email], a.[Phone], a.[UserScore], a.[UserScoreSum], a.[UserEvaluationSum], a.[UserStatus], a.[LastLoginIp], a.[LastLoginDate] 
FROM [T_User_Info] a 
WHERE (a.[UserName] = N'admin') AND (a.[IsDel] = 0)

2022-07-06 14:06:41
UPDATE [T_User_Info] SET [UpdateUserId] = N'', [LastLoginIp] = N'127.0.0.1', [LastLoginDate] = '2022-07-06 14:06:41.307', [UpdateDate] = getdate(), [Version] = isnull([Version], 0) + 1 
WHERE ([UserId] = N'AE9FE675507740B39CD5F1D87E028E49') AND ([IsDel] = 0)

2022-07-06 14:06:41
INSERT INTO [T_Record_Login]([Id], [CreateUserId], [CreateDate], [LogId], [UserName], [IP], [Browser], [Os], [Device], [BrowserInfo], [ElapsedMilliseconds], [Status], [Msg], [Result], [IsDel]) VALUES(N'12229897-EF8C-45A2-8269-1B1ACF87DC51', N'AE9FE675507740B39CD5F1D87E028E49', getdate(), N'047e8f7d-af40-4dcc-a6d2-f545db17cd99', N'admin', N'127.0.0.1', N'Chrome', N'Windows', N'', N'Mozilla/5.0 (Windows NT 10.0; Win64; x64) AppleWebKit/537.36 (KHTML, like Gecko) Chrome/103.0.0.0 Safari/537.36', 379, 1, N'success', NULL, 0)

2022-07-06 14:06:41
SELECT a.[Id] as1, a.[CreateUserId] as2, a.[CreateDate] as3, a.[UpdateUserId] as4, a.[UpdateDate] as5, a.[IsDel] as6, a.[Version] as7, a.[UserId] as8, a.[OpenId] as9, a.[UserName] as10, a.[Password] as11, a.[PasswordSalt] as12, a.[NickName] as13, a.[Portrait] as14, a.[Email] as15, a.[Phone] as16, a.[UserScore] as17, a.[UserScoreSum] as18, a.[UserEvaluationSum] as19, a.[UserStatus] as20, a.[LastLoginIp] as21, a.[LastLoginDate] as22 
FROM [T_User_Info] a 
WHERE (a.[UserId] = N'AE9FE675507740B39CD5F1D87E028E49') AND (a.[IsDel] = 0)

2022-07-06 14:24:57
SELECT TOP 1 a.[Id], a.[CreateUserId], a.[CreateDate], a.[UpdateUserId], a.[UpdateDate], a.[IsDel], a.[Version], a.[UserId], a.[OpenId], a.[UserName], a.[Password], a.[PasswordSalt], a.[NickName], a.[Portrait], a.[Email], a.[Phone], a.[UserScore], a.[UserScoreSum], a.[UserEvaluationSum], a.[UserStatus], a.[LastLoginIp], a.[LastLoginDate] 
FROM [T_User_Info] a 
WHERE (a.[UserName] = N'administrator') AND (a.[IsDel] = 0)

2022-07-06 14:24:57
UPDATE [T_User_Info] SET [UpdateUserId] = N'', [LastLoginIp] = N'127.0.0.1', [LastLoginDate] = '2022-07-06 14:24:57.492', [UpdateDate] = getdate(), [Version] = isnull([Version], 0) + 1 
WHERE ([UserId] = N'CA2D700C59B34EA7A1BBB4F82B99FB79') AND ([IsDel] = 0)

2022-07-06 14:24:57
INSERT INTO [T_Record_Login]([Id], [CreateUserId], [CreateDate], [LogId], [UserName], [IP], [Browser], [Os], [Device], [BrowserInfo], [ElapsedMilliseconds], [Status], [Msg], [Result], [IsDel]) VALUES(N'955B357D-2E4F-432D-9E63-312FCB74B594', N'CA2D700C59B34EA7A1BBB4F82B99FB79', getdate(), N'0ec55d34-0662-4daf-874c-032e0d450ed5', N'administrator', N'127.0.0.1', N'Chrome', N'Windows', N'', N'Mozilla/5.0 (Windows NT 10.0; Win64; x64) AppleWebKit/537.36 (KHTML, like Gecko) Chrome/103.0.0.0 Safari/537.36', 383, 1, N'success', NULL, 0)

2022-07-06 14:24:57
SELECT a.[Id] as1, a.[CreateUserId] as2, a.[CreateDate] as3, a.[UpdateUserId] as4, a.[UpdateDate] as5, a.[IsDel] as6, a.[Version] as7, a.[UserId] as8, a.[OpenId] as9, a.[UserName] as10, a.[Password] as11, a.[PasswordSalt] as12, a.[NickName] as13, a.[Portrait] as14, a.[Email] as15, a.[Phone] as16, a.[UserScore] as17, a.[UserScoreSum] as18, a.[UserEvaluationSum] as19, a.[UserStatus] as20, a.[LastLoginIp] as21, a.[LastLoginDate] as22 
FROM [T_User_Info] a 
WHERE (a.[UserId] = N'CA2D700C59B34EA7A1BBB4F82B99FB79') AND (a.[IsDel] = 0)

2022-07-06 14:28:07
SELECT a.[UserId] as1 
FROM [T_Auth_UserRole] a 
INNER JOIN [T_Auth_Role] r ON a.[RoleId] = r.[RoleId] AND (r.[IsDel] = 0) 
WHERE (r.[RoleType] = 999) AND (a.[IsDel] = 0)

2022-07-06 14:28:07
SELECT count(1) as1 
FROM [T_Auth_Role] a 
WHERE (a.[IsDel] = 0)

2022-07-06 14:28:08
SELECT TOP 10 a.[Id] as1, a.[RoleId] as2, a.[Name] as3, a.[RoleType] as4, a.[Description] as5, a.[IsActive] as6, a.[CreateDate] as7 
FROM [T_Auth_Role] a 
WHERE (a.[IsDel] = 0) 
ORDER BY a.[RoleId] DESC

2022-07-06 14:28:08
INSERT INTO [T_Record_Operation]([Id], [CreateUserId], [CreateDate], [LogId], [UserName], [IP], [Browser], [Os], [Device], [BrowserInfo], [ElapsedMilliseconds], [Status], [Msg], [Result], [IsDel], [ApiLabel], [ApiPath], [ApiMethod], [Params]) VALUES(N'5B390808-280F-46CB-9E51-8709F3D41ED8', N'CA2D700C59B34EA7A1BBB4F82B99FB79', getdate(), N'2786bce5-a1ac-44a7-9a0c-0691c9874a23', N'administrator', N'127.0.0.1', N'Chrome', N'Windows', N'', N'Mozilla/5.0 (Windows NT 10.0; Win64; x64) AppleWebKit/537.36 (KHTML, like Gecko) Chrome/103.0.0.0 Safari/537.36', 118, 1, N'success', NULL, 0, NULL, N'api/s/v1/auth/role/getpage', N'get', NULL)

2022-07-06 14:40:34
SELECT count(1) as1 
FROM [T_Auth_Role] a 
WHERE (a.[IsDel] = 0)

2022-07-06 14:40:34
SELECT TOP 10 a.[Id] as1, a.[RoleId] as2, a.[Name] as3, a.[RoleType] as4, a.[Description] as5, a.[IsActive] as6, a.[CreateDate] as7 
FROM [T_Auth_Role] a 
WHERE (a.[IsDel] = 0) 
ORDER BY a.[RoleId] DESC

2022-07-06 14:40:36
INSERT INTO [T_Record_Operation]([Id], [CreateUserId], [CreateDate], [LogId], [UserName], [IP], [Browser], [Os], [Device], [BrowserInfo], [ElapsedMilliseconds], [Status], [Msg], [Result], [IsDel], [ApiLabel], [ApiPath], [ApiMethod], [Params]) VALUES(N'BF640D66-5D78-481F-9D92-ACB52E30EE1C', N'CA2D700C59B34EA7A1BBB4F82B99FB79', getdate(), N'2f8441dc-322c-445d-b2ad-fa51bc05b0d8', N'administrator', N'127.0.0.1', N'Chrome', N'Windows', N'', N'Mozilla/5.0 (Windows NT 10.0; Win64; x64) AppleWebKit/537.36 (KHTML, like Gecko) Chrome/103.0.0.0 Safari/537.36', 6857, 1, N'success', NULL, 0, NULL, N'api/s/v1/auth/role/getpage', N'get', NULL)

2022-07-06 14:43:00
SELECT count(1) as1 
FROM [T_Auth_Role] a 
WHERE (a.[IsDel] = 0)

2022-07-06 14:43:00
SELECT TOP 10 a.[Id] as1, a.[RoleId] as2, a.[Name] as3, a.[RoleType] as4, a.[Description] as5, a.[IsActive] as6, a.[CreateDate] as7 
FROM [T_Auth_Role] a 
WHERE (a.[IsDel] = 0) 
ORDER BY a.[RoleId] DESC

2022-07-06 14:43:45
INSERT INTO [T_Record_Operation]([Id], [CreateUserId], [CreateDate], [LogId], [UserName], [IP], [Browser], [Os], [Device], [BrowserInfo], [ElapsedMilliseconds], [Status], [Msg], [Result], [IsDel], [ApiLabel], [ApiPath], [ApiMethod], [Params]) VALUES(N'4AB830DE-6819-46D7-9E6A-57978FD37D25', N'CA2D700C59B34EA7A1BBB4F82B99FB79', getdate(), N'7ad1ff97-51a0-4323-9c97-7d04b09c3e43', N'administrator', N'127.0.0.1', N'Chrome', N'Windows', N'', N'Mozilla/5.0 (Windows NT 10.0; Win64; x64) AppleWebKit/537.36 (KHTML, like Gecko) Chrome/103.0.0.0 Safari/537.36', 75189, 1, N'success', NULL, 0, NULL, N'api/s/v1/auth/role/getpage', N'get', NULL)

2022-07-06 14:44:58
SELECT count(1) as1 
FROM [T_Auth_Role] a 
WHERE (a.[IsDel] = 0)

2022-07-06 14:44:58
SELECT TOP 10 a.[Id] as1, a.[RoleId] as2, a.[Name] as3, a.[RoleType] as4, a.[Description] as5, a.[IsActive] as6, a.[CreateDate] as7 
FROM [T_Auth_Role] a 
WHERE (a.[IsDel] = 0) 
ORDER BY a.[RoleId] DESC

2022-07-06 14:45:01
INSERT INTO [T_Record_Operation]([Id], [CreateUserId], [CreateDate], [LogId], [UserName], [IP], [Browser], [Os], [Device], [BrowserInfo], [ElapsedMilliseconds], [Status], [Msg], [Result], [IsDel], [ApiLabel], [ApiPath], [ApiMethod], [Params]) VALUES(N'CC0D427C-2C94-4495-96BF-A9A2FD37BAB2', N'CA2D700C59B34EA7A1BBB4F82B99FB79', getdate(), N'0adab8cf-7366-4b8c-9a8e-b659e3051936', N'administrator', N'127.0.0.1', N'Chrome', N'Windows', N'', N'Mozilla/5.0 (Windows NT 10.0; Win64; x64) AppleWebKit/537.36 (KHTML, like Gecko) Chrome/103.0.0.0 Safari/537.36', 64279, 1, N'success', NULL, 0, NULL, N'api/s/v1/auth/role/getpage', N'get', NULL)

2022-07-06 14:49:31
SELECT count(1) as1 
FROM [T_Auth_Role] a 
WHERE (a.[IsDel] = 0)

2022-07-06 14:49:31
SELECT TOP 10 a.[Id] as1, a.[RoleId] as2, a.[Name] as3, a.[RoleType] as4, a.[Description] as5, a.[IsActive] as6, a.[CreateDate] as7 
FROM [T_Auth_Role] a 
WHERE (a.[IsDel] = 0) 
ORDER BY a.[RoleId] DESC

2022-07-06 14:49:31
INSERT INTO [T_Record_Operation]([Id], [CreateUserId], [CreateDate], [LogId], [UserName], [IP], [Browser], [Os], [Device], [BrowserInfo], [ElapsedMilliseconds], [Status], [Msg], [Result], [IsDel], [ApiLabel], [ApiPath], [ApiMethod], [Params]) VALUES(N'F027B0A6-92BE-4047-8EAA-6C64EFAF81B8', N'CA2D700C59B34EA7A1BBB4F82B99FB79', getdate(), N'a14474b7-a307-4b9a-ae92-9290df92febc', N'administrator', N'127.0.0.1', N'Chrome', N'Windows', N'', N'Mozilla/5.0 (Windows NT 10.0; Win64; x64) AppleWebKit/537.36 (KHTML, like Gecko) Chrome/103.0.0.0 Safari/537.36', 73, 1, N'success', NULL, 0, NULL, N'api/s/v1/auth/role/getpage', N'get', NULL)

2022-07-06 14:50:10
SELECT count(1) as1 
FROM [T_Auth_Role] a 
WHERE (a.[IsDel] = 0)

2022-07-06 14:50:10
SELECT TOP 10 a.[Id] as1, a.[RoleId] as2, a.[Name] as3, a.[RoleType] as4, a.[Description] as5, a.[IsActive] as6, a.[CreateDate] as7 
FROM [T_Auth_Role] a 
WHERE (a.[IsDel] = 0) 
ORDER BY a.[RoleId] DESC

2022-07-06 14:50:10
INSERT INTO [T_Record_Operation]([Id], [CreateUserId], [CreateDate], [LogId], [UserName], [IP], [Browser], [Os], [Device], [BrowserInfo], [ElapsedMilliseconds], [Status], [Msg], [Result], [IsDel], [ApiLabel], [ApiPath], [ApiMethod], [Params]) VALUES(N'2C6483DE-57BB-4B16-8534-61D086FDBCC6', N'CA2D700C59B34EA7A1BBB4F82B99FB79', getdate(), N'2641aa3d-114a-446c-9a4b-2759f5a9e605', N'administrator', N'127.0.0.1', N'Chrome', N'Windows', N'', N'Mozilla/5.0 (Windows NT 10.0; Win64; x64) AppleWebKit/537.36 (KHTML, like Gecko) Chrome/103.0.0.0 Safari/537.36', 105, 1, N'success', NULL, 0, NULL, N'api/s/v1/auth/role/getpage', N'get', NULL)

2022-07-06 14:51:09
SELECT count(1) as1 
FROM [T_Auth_Role] a 
WHERE (a.[IsDel] = 0)

2022-07-06 14:51:10
SELECT TOP 10 a.[Id] as1, a.[RoleId] as2, a.[Name] as3, a.[RoleType] as4, a.[Description] as5, a.[IsActive] as6, a.[CreateDate] as7 
FROM [T_Auth_Role] a 
WHERE (a.[IsDel] = 0) 
ORDER BY a.[RoleId] DESC

2022-07-06 14:51:10
INSERT INTO [T_Record_Operation]([Id], [CreateUserId], [CreateDate], [LogId], [UserName], [IP], [Browser], [Os], [Device], [BrowserInfo], [ElapsedMilliseconds], [Status], [Msg], [Result], [IsDel], [ApiLabel], [ApiPath], [ApiMethod], [Params]) VALUES(N'8EE3B3C2-93B5-4900-BC67-96017B6C2E2C', N'CA2D700C59B34EA7A1BBB4F82B99FB79', getdate(), N'b9b2a297-63de-4817-a80a-edddcc2ae531', N'administrator', N'127.0.0.1', N'Chrome', N'Windows', N'', N'Mozilla/5.0 (Windows NT 10.0; Win64; x64) AppleWebKit/537.36 (KHTML, like Gecko) Chrome/103.0.0.0 Safari/537.36', 92, 1, N'success', NULL, 0, NULL, N'api/s/v1/auth/role/getpage', N'get', NULL)

2022-07-06 14:52:04
SELECT count(1) as1 
FROM [T_Auth_Role] a 
WHERE (a.[IsDel] = 0)

2022-07-06 14:52:04
SELECT TOP 10 a.[Id] as1, a.[RoleId] as2, a.[Name] as3, a.[RoleType] as4, a.[Description] as5, a.[IsActive] as6, a.[CreateDate] as7 
FROM [T_Auth_Role] a 
WHERE (a.[IsDel] = 0) 
ORDER BY a.[RoleId] DESC

2022-07-06 14:52:04
INSERT INTO [T_Record_Operation]([Id], [CreateUserId], [CreateDate], [LogId], [UserName], [IP], [Browser], [Os], [Device], [BrowserInfo], [ElapsedMilliseconds], [Status], [Msg], [Result], [IsDel], [ApiLabel], [ApiPath], [ApiMethod], [Params]) VALUES(N'C766B73E-D094-4488-BB6A-9241D6D6C343', N'CA2D700C59B34EA7A1BBB4F82B99FB79', getdate(), N'2005d870-fa86-4ac2-9897-1c1358875183', N'administrator', N'127.0.0.1', N'Chrome', N'Windows', N'', N'Mozilla/5.0 (Windows NT 10.0; Win64; x64) AppleWebKit/537.36 (KHTML, like Gecko) Chrome/103.0.0.0 Safari/537.36', 71, 1, N'success', NULL, 0, NULL, N'api/s/v1/auth/role/getpage', N'get', NULL)

2022-07-06 14:52:33
SELECT count(1) as1 
FROM [T_Auth_Role] a 
WHERE (a.[IsDel] = 0)

2022-07-06 14:52:33
SELECT TOP 10 a.[Id] as1, a.[RoleId] as2, a.[Name] as3, a.[RoleType] as4, a.[Description] as5, a.[IsActive] as6, a.[CreateDate] as7 
FROM [T_Auth_Role] a 
WHERE (a.[IsDel] = 0) 
ORDER BY a.[RoleId] DESC

2022-07-06 14:52:33
INSERT INTO [T_Record_Operation]([Id], [CreateUserId], [CreateDate], [LogId], [UserName], [IP], [Browser], [Os], [Device], [BrowserInfo], [ElapsedMilliseconds], [Status], [Msg], [Result], [IsDel], [ApiLabel], [ApiPath], [ApiMethod], [Params]) VALUES(N'BF4C6646-5C7A-498C-A320-D4CC2E6F29AE', N'CA2D700C59B34EA7A1BBB4F82B99FB79', getdate(), N'97f62f4c-0c6d-4e0b-a3e8-ebacdf3bfc42', N'administrator', N'127.0.0.1', N'Chrome', N'Windows', N'', N'Mozilla/5.0 (Windows NT 10.0; Win64; x64) AppleWebKit/537.36 (KHTML, like Gecko) Chrome/103.0.0.0 Safari/537.36', 69, 1, N'success', NULL, 0, NULL, N'api/s/v1/auth/role/getpage', N'get', NULL)

2022-07-06 15:03:33
SELECT count(1) as1 
FROM [T_Auth_Role] a 
WHERE (a.[IsDel] = 0)

2022-07-06 15:03:33
SELECT TOP 10 a.[Id] as1, a.[RoleId] as2, a.[Name] as3, a.[RoleType] as4, a.[Description] as5, a.[IsActive] as6, a.[CreateDate] as7 
FROM [T_Auth_Role] a 
WHERE (a.[IsDel] = 0) 
ORDER BY a.[RoleId] DESC

2022-07-06 15:03:33
INSERT INTO [T_Record_Operation]([Id], [CreateUserId], [CreateDate], [LogId], [UserName], [IP], [Browser], [Os], [Device], [BrowserInfo], [ElapsedMilliseconds], [Status], [Msg], [Result], [IsDel], [ApiLabel], [ApiPath], [ApiMethod], [Params]) VALUES(N'7078F83C-30F6-411C-9983-E3351FD81AE7', N'CA2D700C59B34EA7A1BBB4F82B99FB79', getdate(), N'1c8e358f-0a55-46c3-80e4-df1e81e641ff', N'administrator', N'127.0.0.1', N'Chrome', N'Windows', N'', N'Mozilla/5.0 (Windows NT 10.0; Win64; x64) AppleWebKit/537.36 (KHTML, like Gecko) Chrome/103.0.0.0 Safari/537.36', 81, 1, N'success', NULL, 0, NULL, N'api/s/v1/auth/role/getpage', N'get', NULL)

2022-07-06 15:58:22
SELECT TOP 1 a.[Id], a.[CreateUserId], a.[CreateDate], a.[UpdateUserId], a.[UpdateDate], a.[IsDel], a.[Version], a.[UserId], a.[OpenId], a.[UserName], a.[Password], a.[PasswordSalt], a.[NickName], a.[Portrait], a.[Email], a.[Phone], a.[UserScore], a.[UserScoreSum], a.[UserEvaluationSum], a.[UserStatus], a.[LastLoginIp], a.[LastLoginDate] 
FROM [T_User_Info] a 
WHERE (a.[UserName] = N'administrator') AND (a.[IsDel] = 0)

2022-07-06 15:58:22
UPDATE [T_User_Info] SET [UpdateUserId] = N'', [LastLoginIp] = N'127.0.0.1', [LastLoginDate] = '2022-07-06 15:58:22.852', [UpdateDate] = getdate(), [Version] = isnull([Version], 0) + 1 
WHERE ([UserId] = N'CA2D700C59B34EA7A1BBB4F82B99FB79') AND ([IsDel] = 0)

2022-07-06 15:58:22
INSERT INTO [T_Record_Login]([Id], [CreateUserId], [CreateDate], [LogId], [UserName], [IP], [Browser], [Os], [Device], [BrowserInfo], [ElapsedMilliseconds], [Status], [Msg], [Result], [IsDel]) VALUES(N'719955DB-BDC7-42A3-ADF0-DB4760B03830', N'CA2D700C59B34EA7A1BBB4F82B99FB79', getdate(), N'52412a7d-eb89-4c16-82cc-a2593ec8b5fc', N'administrator', N'127.0.0.1', N'Chrome', N'Windows', N'', N'Mozilla/5.0 (Windows NT 10.0; Win64; x64) AppleWebKit/537.36 (KHTML, like Gecko) Chrome/103.0.0.0 Safari/537.36', 71, 1, N'success', NULL, 0)

2022-07-06 15:58:22
SELECT a.[Id] as1, a.[CreateUserId] as2, a.[CreateDate] as3, a.[UpdateUserId] as4, a.[UpdateDate] as5, a.[IsDel] as6, a.[Version] as7, a.[UserId] as8, a.[OpenId] as9, a.[UserName] as10, a.[Password] as11, a.[PasswordSalt] as12, a.[NickName] as13, a.[Portrait] as14, a.[Email] as15, a.[Phone] as16, a.[UserScore] as17, a.[UserScoreSum] as18, a.[UserEvaluationSum] as19, a.[UserStatus] as20, a.[LastLoginIp] as21, a.[LastLoginDate] as22 
FROM [T_User_Info] a 
WHERE (a.[UserId] = N'CA2D700C59B34EA7A1BBB4F82B99FB79') AND (a.[IsDel] = 0)

2022-07-06 15:59:55
SELECT count(1) as1 
FROM [T_Auth_Role] a 
WHERE (a.[IsDel] = 0)

2022-07-06 15:59:55
SELECT TOP 10 a.[Id] as1, a.[RoleId] as2, a.[Name] as3, a.[RoleType] as4, a.[Description] as5, a.[IsActive] as6, a.[CreateDate] as7 
FROM [T_Auth_Role] a 
WHERE (a.[IsDel] = 0) 
ORDER BY a.[RoleId] DESC

2022-07-06 15:59:55
INSERT INTO [T_Record_Operation]([Id], [CreateUserId], [CreateDate], [LogId], [UserName], [IP], [Browser], [Os], [Device], [BrowserInfo], [ElapsedMilliseconds], [Status], [Msg], [Result], [IsDel], [ApiLabel], [ApiPath], [ApiMethod], [Params]) VALUES(N'B29C7D35-C262-471A-9B66-9D2DF75D2C21', N'CA2D700C59B34EA7A1BBB4F82B99FB79', getdate(), N'5adb6c4c-31e2-4dfc-a6dc-9696c534dd83', N'administrator', N'127.0.0.1', N'Chrome', N'Windows', N'', N'Mozilla/5.0 (Windows NT 10.0; Win64; x64) AppleWebKit/537.36 (KHTML, like Gecko) Chrome/103.0.0.0 Safari/537.36', 81, 1, N'success', NULL, 0, NULL, N'api/s/v1/auth/role/getpage', N'get', NULL)

2022-07-06 16:15:23
SELECT TOP 1 a.[Id], a.[CreateUserId], a.[CreateDate], a.[UpdateUserId], a.[UpdateDate], a.[IsDel], a.[Version], a.[UserId], a.[OpenId], a.[UserName], a.[Password], a.[PasswordSalt], a.[NickName], a.[Portrait], a.[Email], a.[Phone], a.[UserScore], a.[UserScoreSum], a.[UserEvaluationSum], a.[UserStatus], a.[LastLoginIp], a.[LastLoginDate] 
FROM [T_User_Info] a 
WHERE (a.[UserName] = N'administrator') AND (a.[IsDel] = 0)

2022-07-06 16:15:24
UPDATE [T_User_Info] SET [UpdateUserId] = N'', [LastLoginIp] = N'127.0.0.1', [LastLoginDate] = '2022-07-06 16:15:24.207', [UpdateDate] = getdate(), [Version] = isnull([Version], 0) + 1 
WHERE ([UserId] = N'CA2D700C59B34EA7A1BBB4F82B99FB79') AND ([IsDel] = 0)

2022-07-06 16:15:24
INSERT INTO [T_Record_Login]([Id], [CreateUserId], [CreateDate], [LogId], [UserName], [IP], [Browser], [Os], [Device], [BrowserInfo], [ElapsedMilliseconds], [Status], [Msg], [Result], [IsDel]) VALUES(N'143C1D9B-A6E5-45F7-B2E3-999C4A80B849', N'CA2D700C59B34EA7A1BBB4F82B99FB79', getdate(), N'577dba0d-8482-408e-ba10-ed40d3919723', N'administrator', N'127.0.0.1', N'Chrome', N'Windows', N'', N'Mozilla/5.0 (Windows NT 10.0; Win64; x64) AppleWebKit/537.36 (KHTML, like Gecko) Chrome/103.0.0.0 Safari/537.36', 425, 1, N'success', NULL, 0)

2022-07-06 16:15:24
SELECT a.[Id] as1, a.[CreateUserId] as2, a.[CreateDate] as3, a.[UpdateUserId] as4, a.[UpdateDate] as5, a.[IsDel] as6, a.[Version] as7, a.[UserId] as8, a.[OpenId] as9, a.[UserName] as10, a.[Password] as11, a.[PasswordSalt] as12, a.[NickName] as13, a.[Portrait] as14, a.[Email] as15, a.[Phone] as16, a.[UserScore] as17, a.[UserScoreSum] as18, a.[UserEvaluationSum] as19, a.[UserStatus] as20, a.[LastLoginIp] as21, a.[LastLoginDate] as22 
FROM [T_User_Info] a 
WHERE (a.[UserId] = N'CA2D700C59B34EA7A1BBB4F82B99FB79') AND (a.[IsDel] = 0)

2022-07-06 16:16:02
SELECT a.[UserId] as1 
FROM [T_Auth_UserRole] a 
INNER JOIN [T_Auth_Role] r ON a.[RoleId] = r.[RoleId] AND (r.[IsDel] = 0) 
WHERE (r.[RoleType] = 999) AND (a.[IsDel] = 0)

2022-07-06 16:16:02
SELECT count(1) as1 
FROM [T_Auth_Role] a 
WHERE (a.[IsDel] = 0)

2022-07-06 16:16:03
SELECT TOP 10 a.[Id] as1, a.[RoleId] as2, a.[Name] as3, a.[RoleType] as4, a.[Description] as5, a.[IsActive] as6, a.[CreateDate] as7 
FROM [T_Auth_Role] a 
WHERE (a.[IsDel] = 0) 
ORDER BY a.[RoleId] DESC

2022-07-06 16:16:03
INSERT INTO [T_Record_Operation]([Id], [CreateUserId], [CreateDate], [LogId], [UserName], [IP], [Browser], [Os], [Device], [BrowserInfo], [ElapsedMilliseconds], [Status], [Msg], [Result], [IsDel], [ApiLabel], [ApiPath], [ApiMethod], [Params]) VALUES(N'30AB95D5-FB47-4EEE-A77D-489E2E1BFEB0', N'CA2D700C59B34EA7A1BBB4F82B99FB79', getdate(), N'95b03614-e8b6-47c4-a629-4ba84460ecff', N'administrator', N'127.0.0.1', N'Chrome', N'Windows', N'', N'Mozilla/5.0 (Windows NT 10.0; Win64; x64) AppleWebKit/537.36 (KHTML, like Gecko) Chrome/103.0.0.0 Safari/537.36', 117, 1, N'success', NULL, 0, NULL, N'api/s/v1/auth/role/getpage', N'get', NULL)

2022-07-06 16:19:22
SELECT count(1) as1 
FROM [T_Auth_Role] a 
WHERE (a.[IsDel] = 0)

2022-07-06 16:19:23
SELECT TOP 10 a.[Id] as1, a.[RoleId] as2, a.[Name] as3, a.[RoleType] as4, a.[Description] as5, a.[IsActive] as6, a.[CreateDate] as7 
FROM [T_Auth_Role] a 
WHERE (a.[IsDel] = 0) 
ORDER BY a.[RoleId] DESC

2022-07-06 16:19:23
INSERT INTO [T_Record_Operation]([Id], [CreateUserId], [CreateDate], [LogId], [UserName], [IP], [Browser], [Os], [Device], [BrowserInfo], [ElapsedMilliseconds], [Status], [Msg], [Result], [IsDel], [ApiLabel], [ApiPath], [ApiMethod], [Params]) VALUES(N'6C9206CE-AEB1-4F62-BA5C-AA66733FB695', N'CA2D700C59B34EA7A1BBB4F82B99FB79', getdate(), N'd6711805-4798-4603-91be-9d13a7cb5975', N'administrator', N'127.0.0.1', N'Chrome', N'Windows', N'', N'Mozilla/5.0 (Windows NT 10.0; Win64; x64) AppleWebKit/537.36 (KHTML, like Gecko) Chrome/103.0.0.0 Safari/537.36', 72, 1, N'success', NULL, 0, NULL, N'api/s/v1/auth/role/getpage', N'get', NULL)

2022-07-06 17:15:33
SELECT TOP 1 a.[Id], a.[CreateUserId], a.[CreateDate], a.[UpdateUserId], a.[UpdateDate], a.[IsDel], a.[Version], a.[UserId], a.[OpenId], a.[UserName], a.[Password], a.[PasswordSalt], a.[NickName], a.[Portrait], a.[Email], a.[Phone], a.[UserScore], a.[UserScoreSum], a.[UserEvaluationSum], a.[UserStatus], a.[LastLoginIp], a.[LastLoginDate] 
FROM [T_User_Info] a 
WHERE (a.[UserName] = N'adminitrator') AND (a.[IsDel] = 0)

2022-07-06 17:15:34
INSERT INTO [T_Record_Login]([Id], [CreateUserId], [CreateDate], [LogId], [UserName], [IP], [Browser], [Os], [Device], [BrowserInfo], [ElapsedMilliseconds], [Status], [Msg], [Result], [IsDel]) VALUES(N'4899F20B-514E-4C9E-AC3B-0CEDD493BF68', N'', getdate(), N'74c9b221-bccf-42ae-9f6d-4b447b454d93', NULL, N'127.0.0.1', N'Chrome', N'Windows', N'', N'Mozilla/5.0 (Windows NT 10.0; Win64; x64) AppleWebKit/537.36 (KHTML, like Gecko) Chrome/103.0.0.0 Safari/537.36', 145, 0, N'账号输入有误!', NULL, 0)

2022-07-06 17:16:01
SELECT TOP 1 a.[Id], a.[CreateUserId], a.[CreateDate], a.[UpdateUserId], a.[UpdateDate], a.[IsDel], a.[Version], a.[UserId], a.[OpenId], a.[UserName], a.[Password], a.[PasswordSalt], a.[NickName], a.[Portrait], a.[Email], a.[Phone], a.[UserScore], a.[UserScoreSum], a.[UserEvaluationSum], a.[UserStatus], a.[LastLoginIp], a.[LastLoginDate] 
FROM [T_User_Info] a 
WHERE (a.[UserName] = N'administrator') AND (a.[IsDel] = 0)

2022-07-06 17:16:01
UPDATE [T_User_Info] SET [UpdateUserId] = N'', [LastLoginIp] = N'127.0.0.1', [LastLoginDate] = '2022-07-06 17:16:01.886', [UpdateDate] = getdate(), [Version] = isnull([Version], 0) + 1 
WHERE ([UserId] = N'CA2D700C59B34EA7A1BBB4F82B99FB79') AND ([IsDel] = 0)

2022-07-06 17:16:01
INSERT INTO [T_Record_Login]([Id], [CreateUserId], [CreateDate], [LogId], [UserName], [IP], [Browser], [Os], [Device], [BrowserInfo], [ElapsedMilliseconds], [Status], [Msg], [Result], [IsDel]) VALUES(N'8F82D3E9-2FB8-429D-A465-5FE6C7496C04', N'CA2D700C59B34EA7A1BBB4F82B99FB79', getdate(), N'780a92fc-f001-477b-ac97-242616024f38', N'administrator', N'127.0.0.1', N'Chrome', N'Windows', N'', N'Mozilla/5.0 (Windows NT 10.0; Win64; x64) AppleWebKit/537.36 (KHTML, like Gecko) Chrome/103.0.0.0 Safari/537.36', 124, 1, N'success', NULL, 0)

2022-07-06 17:16:01
SELECT a.[Id] as1, a.[CreateUserId] as2, a.[CreateDate] as3, a.[UpdateUserId] as4, a.[UpdateDate] as5, a.[IsDel] as6, a.[Version] as7, a.[UserId] as8, a.[OpenId] as9, a.[UserName] as10, a.[Password] as11, a.[PasswordSalt] as12, a.[NickName] as13, a.[Portrait] as14, a.[Email] as15, a.[Phone] as16, a.[UserScore] as17, a.[UserScoreSum] as18, a.[UserEvaluationSum] as19, a.[UserStatus] as20, a.[LastLoginIp] as21, a.[LastLoginDate] as22 
FROM [T_User_Info] a 
WHERE (a.[UserId] = N'CA2D700C59B34EA7A1BBB4F82B99FB79') AND (a.[IsDel] = 0)

2022-07-06 17:17:21
SELECT a.[UserId] as1 
FROM [T_Auth_UserRole] a 
INNER JOIN [T_Auth_Role] r ON a.[RoleId] = r.[RoleId] AND (r.[IsDel] = 0) 
WHERE (r.[RoleType] = 999) AND (a.[IsDel] = 0)

2022-07-06 17:17:21
SELECT count(1) as1 
FROM [T_Auth_Role] a 
WHERE (a.[IsDel] = 0)

2022-07-06 17:17:21
SELECT TOP 10 a.[Id] as1, a.[RoleId] as2, a.[Name] as3, a.[RoleType] as4, a.[Description] as5, a.[IsActive] as6, a.[CreateDate] as7 
FROM [T_Auth_Role] a 
WHERE (a.[IsDel] = 0) 
ORDER BY a.[RoleId] DESC

2022-07-06 17:17:22
INSERT INTO [T_Record_Operation]([Id], [CreateUserId], [CreateDate], [LogId], [UserName], [IP], [Browser], [Os], [Device], [BrowserInfo], [ElapsedMilliseconds], [Status], [Msg], [Result], [IsDel], [ApiLabel], [ApiPath], [ApiMethod], [Params]) VALUES(N'A8C93C6E-54DC-4F42-BB2E-1E9C0828A306', N'CA2D700C59B34EA7A1BBB4F82B99FB79', getdate(), N'069cbb07-18ca-4aa3-86b5-63fe53d72b21', N'administrator', N'127.0.0.1', N'Chrome', N'Windows', N'', N'Mozilla/5.0 (Windows NT 10.0; Win64; x64) AppleWebKit/537.36 (KHTML, like Gecko) Chrome/103.0.0.0 Safari/537.36', 130, 1, N'success', NULL, 0, NULL, N'api/s/v1/auth/role/getpage', N'get', NULL)

2022-07-06 18:11:05
SELECT TOP 1 a.[Id], a.[CreateUserId], a.[CreateDate], a.[UpdateUserId], a.[UpdateDate], a.[IsDel], a.[Version], a.[UserId], a.[OpenId], a.[UserName], a.[Password], a.[PasswordSalt], a.[NickName], a.[Portrait], a.[Email], a.[Phone], a.[UserScore], a.[UserScoreSum], a.[UserEvaluationSum], a.[UserStatus], a.[LastLoginIp], a.[LastLoginDate] 
FROM [T_User_Info] a 
WHERE (a.[UserName] = N'administrator') AND (a.[IsDel] = 0)

2022-07-06 18:11:05
UPDATE [T_User_Info] SET [UpdateUserId] = N'', [LastLoginIp] = N'127.0.0.1', [LastLoginDate] = '2022-07-06 18:11:05.627', [UpdateDate] = getdate(), [Version] = isnull([Version], 0) + 1 
WHERE ([UserId] = N'CA2D700C59B34EA7A1BBB4F82B99FB79') AND ([IsDel] = 0)

2022-07-06 18:11:05
INSERT INTO [T_Record_Login]([Id], [CreateUserId], [CreateDate], [LogId], [UserName], [IP], [Browser], [Os], [Device], [BrowserInfo], [ElapsedMilliseconds], [Status], [Msg], [Result], [IsDel]) VALUES(N'DE09F418-50EE-4FEC-AA4E-230E782502D5', N'CA2D700C59B34EA7A1BBB4F82B99FB79', getdate(), N'd93017d0-875a-4a5e-bfce-5ed5dcdf4a9c', N'administrator', N'127.0.0.1', N'Chrome', N'Windows', N'', N'Mozilla/5.0 (Windows NT 10.0; Win64; x64) AppleWebKit/537.36 (KHTML, like Gecko) Chrome/103.0.0.0 Safari/537.36', 406, 1, N'success', NULL, 0)

2022-07-06 18:11:05
SELECT a.[Id] as1, a.[CreateUserId] as2, a.[CreateDate] as3, a.[UpdateUserId] as4, a.[UpdateDate] as5, a.[IsDel] as6, a.[Version] as7, a.[UserId] as8, a.[OpenId] as9, a.[UserName] as10, a.[Password] as11, a.[PasswordSalt] as12, a.[NickName] as13, a.[Portrait] as14, a.[Email] as15, a.[Phone] as16, a.[UserScore] as17, a.[UserScoreSum] as18, a.[UserEvaluationSum] as19, a.[UserStatus] as20, a.[LastLoginIp] as21, a.[LastLoginDate] as22 
FROM [T_User_Info] a 
WHERE (a.[UserId] = N'CA2D700C59B34EA7A1BBB4F82B99FB79') AND (a.[IsDel] = 0)

2022-07-06 18:12:30
SELECT a.[UserId] as1 
FROM [T_Auth_UserRole] a 
INNER JOIN [T_Auth_Role] r ON a.[RoleId] = r.[RoleId] AND (r.[IsDel] = 0) 
WHERE (r.[RoleType] = 999) AND (a.[IsDel] = 0)

2022-07-06 18:12:30
SELECT count(1) as1 
FROM [T_Auth_Role] a 
WHERE (a.[IsDel] = 0)

2022-07-06 18:12:30
SELECT TOP 10 a.[Id] as1, a.[RoleId] as2, a.[Name] as3, a.[RoleType] as4, a.[Description] as5, a.[IsActive] as6, a.[CreateDate] as7 
FROM [T_Auth_Role] a 
WHERE (a.[IsDel] = 0) 
ORDER BY a.[RoleId] DESC

2022-07-06 18:12:30
INSERT INTO [T_Record_Operation]([Id], [CreateUserId], [CreateDate], [LogId], [UserName], [IP], [Browser], [Os], [Device], [BrowserInfo], [ElapsedMilliseconds], [Status], [Msg], [Result], [IsDel], [ApiLabel], [ApiPath], [ApiMethod], [Params]) VALUES(N'A17271B1-F374-4DFE-9C79-7CD97D12C713', N'CA2D700C59B34EA7A1BBB4F82B99FB79', getdate(), N'32438632-51c8-4184-86e1-4c91b976177b', N'administrator', N'127.0.0.1', N'Chrome', N'Windows', N'', N'Mozilla/5.0 (Windows NT 10.0; Win64; x64) AppleWebKit/537.36 (KHTML, like Gecko) Chrome/103.0.0.0 Safari/537.36', 145, 1, N'success', NULL, 0, NULL, N'api/s/v1/auth/role/getpage', N'get', NULL)

2022-07-06 18:13:13
SELECT a.[UserId] as1 
FROM [T_Auth_UserRole] a 
INNER JOIN [T_Auth_Role] r ON a.[RoleId] = r.[RoleId] AND (r.[IsDel] = 0) 
WHERE (r.[RoleType] = 999) AND (a.[IsDel] = 0)

2022-07-06 18:16:15
INSERT INTO [T_Record_Operation]([Id], [CreateUserId], [CreateDate], [LogId], [UserName], [IP], [Browser], [Os], [Device], [BrowserInfo], [ElapsedMilliseconds], [Status], [Msg], [Result], [IsDel], [ApiLabel], [ApiPath], [ApiMethod], [Params]) VALUES(N'63A6B9EC-C70D-4BC6-B056-189683DF7C0E', N'CA2D700C59B34EA7A1BBB4F82B99FB79', getdate(), N'12b3b8de-2c01-4b28-a79e-5a36b833c596', N'administrator', N'127.0.0.1', N'Chrome', N'Windows', N'', N'Mozilla/5.0 (Windows NT 10.0; Win64; x64) AppleWebKit/537.36 (KHTML, like Gecko) Chrome/103.0.0.0 Safari/537.36', 181950, 0, NULL, NULL, 0, NULL, N'api/other/v1/demo/demotest/getpagefenku', N'get', NULL)

2022-07-06 18:16:54
INSERT INTO [T_Record_Operation]([Id], [CreateUserId], [CreateDate], [LogId], [UserName], [IP], [Browser], [Os], [Device], [BrowserInfo], [ElapsedMilliseconds], [Status], [Msg], [Result], [IsDel], [ApiLabel], [ApiPath], [ApiMethod], [Params]) VALUES(N'872CC154-3733-475C-B513-8DEC7741C197', N'CA2D700C59B34EA7A1BBB4F82B99FB79', getdate(), N'22adc1f2-0ff4-41e1-888f-f4a016926c94', N'administrator', N'127.0.0.1', N'Chrome', N'Windows', N'', N'Mozilla/5.0 (Windows NT 10.0; Win64; x64) AppleWebKit/537.36 (KHTML, like Gecko) Chrome/103.0.0.0 Safari/537.36', 6446, 0, NULL, NULL, 0, NULL, N'api/other/v1/demo/demotest/getpagefenku', N'get', NULL)

2022-07-06 18:18:19
SELECT TOP 1 a.[Id], a.[CreateUserId], a.[CreateDate], a.[UpdateUserId], a.[UpdateDate], a.[IsDel], a.[Version], a.[UserId], a.[OpenId], a.[UserName], a.[Password], a.[PasswordSalt], a.[NickName], a.[Portrait], a.[Email], a.[Phone], a.[UserScore], a.[UserScoreSum], a.[UserEvaluationSum], a.[UserStatus], a.[LastLoginIp], a.[LastLoginDate] 
FROM [T_User_Info] a 
WHERE (a.[UserName] = N'administrator') AND (a.[IsDel] = 0)

2022-07-06 18:18:19
UPDATE [T_User_Info] SET [UpdateUserId] = N'', [LastLoginIp] = N'127.0.0.1', [LastLoginDate] = '2022-07-06 18:18:19.991', [UpdateDate] = getdate(), [Version] = isnull([Version], 0) + 1 
WHERE ([UserId] = N'CA2D700C59B34EA7A1BBB4F82B99FB79') AND ([IsDel] = 0)

2022-07-06 18:18:20
INSERT INTO [T_Record_Login]([Id], [CreateUserId], [CreateDate], [LogId], [UserName], [IP], [Browser], [Os], [Device], [BrowserInfo], [ElapsedMilliseconds], [Status], [Msg], [Result], [IsDel]) VALUES(N'F7D18C9A-9610-4BB9-9CFA-7737B6B459F6', N'CA2D700C59B34EA7A1BBB4F82B99FB79', getdate(), N'51147301-2b3e-4112-9a92-117ce265be48', N'administrator', N'127.0.0.1', N'Chrome', N'Windows', N'', N'Mozilla/5.0 (Windows NT 10.0; Win64; x64) AppleWebKit/537.36 (KHTML, like Gecko) Chrome/103.0.0.0 Safari/537.36', 417, 1, N'success', NULL, 0)

2022-07-06 18:18:20
SELECT a.[Id] as1, a.[CreateUserId] as2, a.[CreateDate] as3, a.[UpdateUserId] as4, a.[UpdateDate] as5, a.[IsDel] as6, a.[Version] as7, a.[UserId] as8, a.[OpenId] as9, a.[UserName] as10, a.[Password] as11, a.[PasswordSalt] as12, a.[NickName] as13, a.[Portrait] as14, a.[Email] as15, a.[Phone] as16, a.[UserScore] as17, a.[UserScoreSum] as18, a.[UserEvaluationSum] as19, a.[UserStatus] as20, a.[LastLoginIp] as21, a.[LastLoginDate] as22 
FROM [T_User_Info] a 
WHERE (a.[UserId] = N'CA2D700C59B34EA7A1BBB4F82B99FB79') AND (a.[IsDel] = 0)

2022-07-06 18:18:47
SELECT a.[UserId] as1 
FROM [T_Auth_UserRole] a 
INNER JOIN [T_Auth_Role] r ON a.[RoleId] = r.[RoleId] AND (r.[IsDel] = 0) 
WHERE (r.[RoleType] = 999) AND (a.[IsDel] = 0)

2022-07-06 18:18:47
SELECT count(1) as1 
FROM [T_Auth_Role] a 
WHERE (a.[IsDel] = 0)

2022-07-06 18:18:47
SELECT TOP 10 a.[Id] as1, a.[RoleId] as2, a.[Name] as3, a.[RoleType] as4, a.[Description] as5, a.[IsActive] as6, a.[CreateDate] as7 
FROM [T_Auth_Role] a 
WHERE (a.[IsDel] = 0) 
ORDER BY a.[RoleId] DESC

2022-07-06 18:18:47
INSERT INTO [T_Record_Operation]([Id], [CreateUserId], [CreateDate], [LogId], [UserName], [IP], [Browser], [Os], [Device], [BrowserInfo], [ElapsedMilliseconds], [Status], [Msg], [Result], [IsDel], [ApiLabel], [ApiPath], [ApiMethod], [Params]) VALUES(N'C11DCB5F-33E7-4AAF-A5FF-BD219D16ACBC', N'CA2D700C59B34EA7A1BBB4F82B99FB79', getdate(), N'd6e12827-1191-425d-98d2-87ecb0fe907c', N'administrator', N'127.0.0.1', N'Chrome', N'Windows', N'', N'Mozilla/5.0 (Windows NT 10.0; Win64; x64) AppleWebKit/537.36 (KHTML, like Gecko) Chrome/103.0.0.0 Safari/537.36', 134, 1, N'success', NULL, 0, NULL, N'api/s/v1/auth/role/getpage', N'get', NULL)

2022-07-06 18:19:29
SELECT a.[UserId] as1 
FROM [T_Auth_UserRole] a 
INNER JOIN [T_Auth_Role] r ON a.[RoleId] = r.[RoleId] AND (r.[IsDel] = 0) 
WHERE (r.[RoleType] = 999) AND (a.[IsDel] = 0)

2022-07-06 18:19:38
INSERT INTO [T_Record_Operation]([Id], [CreateUserId], [CreateDate], [LogId], [UserName], [IP], [Browser], [Os], [Device], [BrowserInfo], [ElapsedMilliseconds], [Status], [Msg], [Result], [IsDel], [ApiLabel], [ApiPath], [ApiMethod], [Params]) VALUES(N'7C354D45-7647-4B96-96C4-10CC94B1B1B5', N'CA2D700C59B34EA7A1BBB4F82B99FB79', getdate(), N'd19384b4-9627-4cd8-b1c6-5ee4309609ef', N'administrator', N'127.0.0.1', N'Chrome', N'Windows', N'', N'Mozilla/5.0 (Windows NT 10.0; Win64; x64) AppleWebKit/537.36 (KHTML, like Gecko) Chrome/103.0.0.0 Safari/537.36', 8412, 0, NULL, NULL, 0, NULL, N'api/other/v1/demo/demotest/getpagefenku', N'get', NULL)

2022-07-06 18:23:35
SELECT TOP 1 a.[Id], a.[CreateUserId], a.[CreateDate], a.[UpdateUserId], a.[UpdateDate], a.[IsDel], a.[Version], a.[UserId], a.[OpenId], a.[UserName], a.[Password], a.[PasswordSalt], a.[NickName], a.[Portrait], a.[Email], a.[Phone], a.[UserScore], a.[UserScoreSum], a.[UserEvaluationSum], a.[UserStatus], a.[LastLoginIp], a.[LastLoginDate] 
FROM [T_User_Info] a 
WHERE (a.[UserName] = N'administrator') AND (a.[IsDel] = 0)

2022-07-06 18:23:35
UPDATE [T_User_Info] SET [UpdateUserId] = N'', [LastLoginIp] = N'127.0.0.1', [LastLoginDate] = '2022-07-06 18:23:35.664', [UpdateDate] = getdate(), [Version] = isnull([Version], 0) + 1 
WHERE ([UserId] = N'CA2D700C59B34EA7A1BBB4F82B99FB79') AND ([IsDel] = 0)

2022-07-06 18:23:35
INSERT INTO [T_Record_Login]([Id], [CreateUserId], [CreateDate], [LogId], [UserName], [IP], [Browser], [Os], [Device], [BrowserInfo], [ElapsedMilliseconds], [Status], [Msg], [Result], [IsDel]) VALUES(N'2C373D1B-0924-4E3B-AFD9-80AE158532AA', N'CA2D700C59B34EA7A1BBB4F82B99FB79', getdate(), N'c259df6f-bc0b-4af8-b654-7511cdb15b1c', N'administrator', N'127.0.0.1', N'Chrome', N'Windows', N'', N'Mozilla/5.0 (Windows NT 10.0; Win64; x64) AppleWebKit/537.36 (KHTML, like Gecko) Chrome/103.0.0.0 Safari/537.36', 405, 1, N'success', NULL, 0)

2022-07-06 18:23:35
SELECT a.[Id] as1, a.[CreateUserId] as2, a.[CreateDate] as3, a.[UpdateUserId] as4, a.[UpdateDate] as5, a.[IsDel] as6, a.[Version] as7, a.[UserId] as8, a.[OpenId] as9, a.[UserName] as10, a.[Password] as11, a.[PasswordSalt] as12, a.[NickName] as13, a.[Portrait] as14, a.[Email] as15, a.[Phone] as16, a.[UserScore] as17, a.[UserScoreSum] as18, a.[UserEvaluationSum] as19, a.[UserStatus] as20, a.[LastLoginIp] as21, a.[LastLoginDate] as22 
FROM [T_User_Info] a 
WHERE (a.[UserId] = N'CA2D700C59B34EA7A1BBB4F82B99FB79') AND (a.[IsDel] = 0)

2022-07-06 18:24:02
SELECT a.[UserId] as1 
FROM [T_Auth_UserRole] a 
INNER JOIN [T_Auth_Role] r ON a.[RoleId] = r.[RoleId] AND (r.[IsDel] = 0) 
WHERE (r.[RoleType] = 999) AND (a.[IsDel] = 0)

2022-07-06 18:24:02
SELECT count(1) as1 
FROM [T_Auth_Role] a 
WHERE (a.[IsDel] = 0)

2022-07-06 18:24:03
SELECT TOP 10 a.[Id] as1, a.[RoleId] as2, a.[Name] as3, a.[RoleType] as4, a.[Description] as5, a.[IsActive] as6, a.[CreateDate] as7 
FROM [T_Auth_Role] a 
WHERE (a.[IsDel] = 0) 
ORDER BY a.[RoleId] DESC

2022-07-06 18:24:03
INSERT INTO [T_Record_Operation]([Id], [CreateUserId], [CreateDate], [LogId], [UserName], [IP], [Browser], [Os], [Device], [BrowserInfo], [ElapsedMilliseconds], [Status], [Msg], [Result], [IsDel], [ApiLabel], [ApiPath], [ApiMethod], [Params]) VALUES(N'F45BB56E-9F6A-4FCD-BF8D-E1F903AF2C25', N'CA2D700C59B34EA7A1BBB4F82B99FB79', getdate(), N'b3019012-74c3-4b65-b205-32a2fe87e6d5', N'administrator', N'127.0.0.1', N'Chrome', N'Windows', N'', N'Mozilla/5.0 (Windows NT 10.0; Win64; x64) AppleWebKit/537.36 (KHTML, like Gecko) Chrome/103.0.0.0 Safari/537.36', 152, 1, N'success', NULL, 0, NULL, N'api/s/v1/auth/role/getpage', N'get', NULL)

2022-07-06 18:24:41
SELECT a.[UserId] as1 
FROM [T_Auth_UserRole] a 
INNER JOIN [T_Auth_Role] r ON a.[RoleId] = r.[RoleId] AND (r.[IsDel] = 0) 
WHERE (r.[RoleType] = 999) AND (a.[IsDel] = 0)

2022-07-06 18:24:45
INSERT INTO [T_Record_Operation]([Id], [CreateUserId], [CreateDate], [LogId], [UserName], [IP], [Browser], [Os], [Device], [BrowserInfo], [ElapsedMilliseconds], [Status], [Msg], [Result], [IsDel], [ApiLabel], [ApiPath], [ApiMethod], [Params]) VALUES(N'DF6D28C3-AF24-4494-B946-8DC6BDE34A6E', N'CA2D700C59B34EA7A1BBB4F82B99FB79', getdate(), N'88808dcd-9fd2-46d0-a92b-47ebe6a6e123', N'administrator', N'127.0.0.1', N'Chrome', N'Windows', N'', N'Mozilla/5.0 (Windows NT 10.0; Win64; x64) AppleWebKit/537.36 (KHTML, like Gecko) Chrome/103.0.0.0 Safari/537.36', 3857, 1, N'success', NULL, 0, NULL, N'api/other/v1/demo/demotest/getpagefenku', N'get', NULL)

2022-07-06 18:25:49
SELECT count(1) as1 
FROM [T_Auth_Role] a 
WHERE (a.[IsDel] = 0)

2022-07-06 18:25:49
SELECT TOP 10 a.[Id] as1, a.[RoleId] as2, a.[Name] as3, a.[RoleType] as4, a.[Description] as5, a.[IsActive] as6, a.[CreateDate] as7 
FROM [T_Auth_Role] a 
WHERE (a.[IsDel] = 0) 
ORDER BY a.[RoleId] DESC

2022-07-06 18:25:49
INSERT INTO [T_Record_Operation]([Id], [CreateUserId], [CreateDate], [LogId], [UserName], [IP], [Browser], [Os], [Device], [BrowserInfo], [ElapsedMilliseconds], [Status], [Msg], [Result], [IsDel], [ApiLabel], [ApiPath], [ApiMethod], [Params]) VALUES(N'9A43503F-8DCA-4A80-9167-4CA7D097C3DE', N'CA2D700C59B34EA7A1BBB4F82B99FB79', getdate(), N'9c653e64-e398-4818-b9f4-b38068027174', N'administrator', N'127.0.0.1', N'Chrome', N'Windows', N'', N'Mozilla/5.0 (Windows NT 10.0; Win64; x64) AppleWebKit/537.36 (KHTML, like Gecko) Chrome/103.0.0.0 Safari/537.36', 176, 1, N'success', NULL, 0, NULL, N'api/s/v1/auth/role/getpage', N'get', NULL)

2022-07-06 18:26:02
SELECT count(1) as1 
FROM [T_Auth_Role] a 
WHERE (a.[IsDel] = 0)

2022-07-06 18:26:02
SELECT TOP 10 a.[Id] as1, a.[RoleId] as2, a.[Name] as3, a.[RoleType] as4, a.[Description] as5, a.[IsActive] as6, a.[CreateDate] as7 
FROM [T_Auth_Role] a 
WHERE (a.[IsDel] = 0) 
ORDER BY a.[RoleId] DESC

2022-07-06 18:26:02
INSERT INTO [T_Record_Operation]([Id], [CreateUserId], [CreateDate], [LogId], [UserName], [IP], [Browser], [Os], [Device], [BrowserInfo], [ElapsedMilliseconds], [Status], [Msg], [Result], [IsDel], [ApiLabel], [ApiPath], [ApiMethod], [Params]) VALUES(N'00EE52FD-5C31-4AC6-8C72-9ACBC978BBD9', N'CA2D700C59B34EA7A1BBB4F82B99FB79', getdate(), N'34643029-2427-420a-946f-3398dc2d93bf', N'administrator', N'127.0.0.1', N'Chrome', N'Windows', N'', N'Mozilla/5.0 (Windows NT 10.0; Win64; x64) AppleWebKit/537.36 (KHTML, like Gecko) Chrome/103.0.0.0 Safari/537.36', 52, 1, N'success', NULL, 0, NULL, N'api/s/v1/auth/role/getpage', N'get', NULL)

2022-07-06 18:26:27
SELECT count(1) as1 
FROM [T_Record_Operation] a 
WHERE (a.[IsDel] = 0)

2022-07-06 18:26:27
SELECT TOP 10 a.[UserName] as1, a.[ApiLabel] as2, a.[ApiPath] as3, a.[ApiMethod] as4, a.[IP] as5, a.[Browser] as6, a.[Os] as7, a.[Device] as8, a.[ElapsedMilliseconds] as9, a.[Status] as10, a.[Msg] as11, a.[LogId] as12, a.[CreateDate] as13 
FROM [T_Record_Operation] a 
WHERE (a.[IsDel] = 0) 
ORDER BY a.[CreateDate] DESC

2022-07-06 18:26:27
INSERT INTO [T_Record_Operation]([Id], [CreateUserId], [CreateDate], [LogId], [UserName], [IP], [Browser], [Os], [Device], [BrowserInfo], [ElapsedMilliseconds], [Status], [Msg], [Result], [IsDel], [ApiLabel], [ApiPath], [ApiMethod], [Params]) VALUES(N'6EDA8C11-0678-427A-AA84-02183FC0CDF2', N'CA2D700C59B34EA7A1BBB4F82B99FB79', getdate(), N'f11acf5f-0465-4a17-9089-69d037f28250', N'administrator', N'127.0.0.1', N'Chrome', N'Windows', N'', N'Mozilla/5.0 (Windows NT 10.0; Win64; x64) AppleWebKit/537.36 (KHTML, like Gecko) Chrome/103.0.0.0 Safari/537.36', 114, 1, N'success', NULL, 0, NULL, N'api/s/v1/record/recordoperation/getpage', N'get', NULL)

2022-07-06 18:27:21
INSERT INTO [T_Record_Operation]([Id], [CreateUserId], [CreateDate], [LogId], [UserName], [IP], [Browser], [Os], [Device], [BrowserInfo], [ElapsedMilliseconds], [Status], [Msg], [Result], [IsDel], [ApiLabel], [ApiPath], [ApiMethod], [Params]) VALUES(N'7B3ECED6-5C8C-4719-A7A0-35FE90726ECB', N'CA2D700C59B34EA7A1BBB4F82B99FB79', getdate(), N'c69fbf0e-789a-47d5-8f6d-74091dde1437', N'administrator', N'127.0.0.1', N'Chrome', N'Windows', N'', N'Mozilla/5.0 (Windows NT 10.0; Win64; x64) AppleWebKit/537.36 (KHTML, like Gecko) Chrome/103.0.0.0 Safari/537.36', 4800, 1, N'success', NULL, 0, NULL, N'api/other/v1/demo/demotest/getpagefenku', N'get', NULL)

2022-07-06 18:28:34
INSERT INTO [T_Record_Operation]([Id], [CreateUserId], [CreateDate], [LogId], [UserName], [IP], [Browser], [Os], [Device], [BrowserInfo], [ElapsedMilliseconds], [Status], [Msg], [Result], [IsDel], [ApiLabel], [ApiPath], [ApiMethod], [Params]) VALUES(N'332CAE41-28B1-4033-ACB3-0555910BDEC2', N'CA2D700C59B34EA7A1BBB4F82B99FB79', getdate(), N'ac065af4-a167-4a96-86d3-c89254df7662', N'administrator', N'127.0.0.1', N'Chrome', N'Windows', N'', N'Mozilla/5.0 (Windows NT 10.0; Win64; x64) AppleWebKit/537.36 (KHTML, like Gecko) Chrome/103.0.0.0 Safari/537.36', 4652, 1, N'success', NULL, 0, NULL, N'api/other/v1/demo/demotest/getpagefenku', N'get', NULL)

