2022-07-05 17:15:22.7374 ||ERROR|LY.Report.Core.Filters.AdminExceptionFilter| System.Exception: 不可附加，未设置主键的值：(1CEF3510-128E-4259-9903-1E0A864ACED5, , 0001/1/1 0:00:00, , , False, 0, , , admin, 508C6FE9B86618E62A7DB4C2F6F54901, EAFD4CCECC0FDADE, 超级管理员, , , , 0, 0, 0, Normal, , )
   at FreeSql.DbSet`1.AttachRange(IEnumerable`1 data)
   at FreeSql.DbSet`1.Attach(TEntity data)
   at FreeSql.DbSet`1.AddPrivAsync(TEntity data, Boolean isCheck, CancellationToken cancellationToken)
   at FreeSql.BaseRepository`1.InsertAsync(TEntity entity, CancellationToken cancellationToken)
   at LY.Report.Core.Service.User.Account.AccountService.Register(UserInfoAddInput input) in D:\gitlearngit\Admin.Core\LY.Report.Core.Services\User\Account\AccountService.cs:line 478
   at LY.Report.Core.Aop.TransactionAsyncInterceptor.InternalInterceptAsynchronous[TResult](IInvocation invocation) in D:\gitlearngit\Admin.Core\LY.Report.Core\Aop\TransactionAsyncInterceptor.cs:line 70
   at LY.Report.Core.Areas.Sys.V1.User.Controllers.AccountController.Register(UserInfoAddInput userInfoAddInput) in D:\gitlearngit\Admin.Core\LY.Report.Core\Areas\Sys\V1\User\Controllers\AccountController.cs:line 141
   at lambda_method645(Closure , Object )
   at Microsoft.AspNetCore.Mvc.Infrastructure.ActionMethodExecutor.AwaitableObjectResultExecutor.Execute(IActionResultTypeMapper mapper, ObjectMethodExecutor executor, Object controller, Object[] arguments)
   at Microsoft.AspNetCore.Mvc.Infrastructure.ControllerActionInvoker.<InvokeActionMethodAsync>g__Logged|12_1(ControllerActionInvoker invoker)
   at Microsoft.AspNetCore.Mvc.Infrastructure.ControllerActionInvoker.<InvokeNextActionFilterAsync>g__Awaited|10_0(ControllerActionInvoker invoker, Task lastTask, State next, Scope scope, Object state, Boolean isCompleted)
   at Microsoft.AspNetCore.Mvc.Infrastructure.ControllerActionInvoker.Rethrow(ActionExecutedContextSealed context)
   at Microsoft.AspNetCore.Mvc.Infrastructure.ControllerActionInvoker.Next(State& next, Scope& scope, Object& state, Boolean& isCompleted)
   at Microsoft.AspNetCore.Mvc.Infrastructure.ControllerActionInvoker.<InvokeInnerFilterAsync>g__Awaited|13_0(ControllerActionInvoker invoker, Task lastTask, State next, Scope scope, Object state, Boolean isCompleted)
   at Microsoft.AspNetCore.Mvc.Infrastructure.ResourceInvoker.<InvokeNextExceptionFilterAsync>g__Awaited|25_0(ResourceInvoker invoker, Task lastTask, State next, Scope scope, Object state, Boolean isCompleted)|url: http://locar.api.ly.com/Api/S/V1/User/Account/Register|action: Register
2022-07-05 17:17:20.0369 ||ERROR|LY.Report.Core.Filters.AdminExceptionFilter| System.Exception: 不可附加，未设置主键的值：(5F9657FF-F2F3-4FE5-BF36-2C368A8F3E5E, , 0001/1/1 0:00:00, , , False, 0, , , admin, 8EC885E0E51B39C80F6C7669EEEFFFED, 273A113058C0CB65, 超级管理员, , , , 0, 0, 0, Normal, , )
   at FreeSql.DbSet`1.AttachRange(IEnumerable`1 data)
   at FreeSql.DbSet`1.Attach(TEntity data)
   at FreeSql.DbSet`1.AddPrivAsync(TEntity data, Boolean isCheck, CancellationToken cancellationToken)
   at FreeSql.BaseRepository`1.InsertAsync(TEntity entity, CancellationToken cancellationToken)
   at LY.Report.Core.Service.User.Account.AccountService.Register(UserInfoAddInput input) in D:\gitlearngit\Admin.Core\LY.Report.Core.Services\User\Account\AccountService.cs:line 478
   at LY.Report.Core.Aop.TransactionAsyncInterceptor.InternalInterceptAsynchronous[TResult](IInvocation invocation) in D:\gitlearngit\Admin.Core\LY.Report.Core\Aop\TransactionAsyncInterceptor.cs:line 70
   at LY.Report.Core.Areas.Sys.V1.User.Controllers.AccountController.Register(UserInfoAddInput userInfoAddInput) in D:\gitlearngit\Admin.Core\LY.Report.Core\Areas\Sys\V1\User\Controllers\AccountController.cs:line 141
   at lambda_method645(Closure , Object )
   at Microsoft.AspNetCore.Mvc.Infrastructure.ActionMethodExecutor.AwaitableObjectResultExecutor.Execute(IActionResultTypeMapper mapper, ObjectMethodExecutor executor, Object controller, Object[] arguments)
   at Microsoft.AspNetCore.Mvc.Infrastructure.ControllerActionInvoker.<InvokeActionMethodAsync>g__Logged|12_1(ControllerActionInvoker invoker)
   at Microsoft.AspNetCore.Mvc.Infrastructure.ControllerActionInvoker.<InvokeNextActionFilterAsync>g__Awaited|10_0(ControllerActionInvoker invoker, Task lastTask, State next, Scope scope, Object state, Boolean isCompleted)
   at Microsoft.AspNetCore.Mvc.Infrastructure.ControllerActionInvoker.Rethrow(ActionExecutedContextSealed context)
   at Microsoft.AspNetCore.Mvc.Infrastructure.ControllerActionInvoker.Next(State& next, Scope& scope, Object& state, Boolean& isCompleted)
   at Microsoft.AspNetCore.Mvc.Infrastructure.ControllerActionInvoker.<InvokeInnerFilterAsync>g__Awaited|13_0(ControllerActionInvoker invoker, Task lastTask, State next, Scope scope, Object state, Boolean isCompleted)
   at Microsoft.AspNetCore.Mvc.Infrastructure.ResourceInvoker.<InvokeNextExceptionFilterAsync>g__Awaited|25_0(ResourceInvoker invoker, Task lastTask, State next, Scope scope, Object state, Boolean isCompleted)|url: http://locar.api.ly.com/Api/S/V1/User/Account/Register|action: Register
2022-07-05 17:17:28.2155 ||ERROR|LY.Report.Core.Filters.AdminExceptionFilter| System.Exception: 不可附加，未设置主键的值：(30161516-3780-4539-B2F2-E8299A8299FB, , 0001/1/1 0:00:00, , , False, 0, , , admin, 7D3CDD9DADD2438A218FDAF1016E6959, 9E69C112ADF9788C, 超级管理员, , , , 0, 0, 0, Normal, , )
   at FreeSql.DbSet`1.AttachRange(IEnumerable`1 data)
   at FreeSql.DbSet`1.Attach(TEntity data)
   at FreeSql.DbSet`1.AddPrivAsync(TEntity data, Boolean isCheck, CancellationToken cancellationToken)
   at FreeSql.BaseRepository`1.InsertAsync(TEntity entity, CancellationToken cancellationToken)
   at LY.Report.Core.Service.User.Account.AccountService.Register(UserInfoAddInput input) in D:\gitlearngit\Admin.Core\LY.Report.Core.Services\User\Account\AccountService.cs:line 478
   at LY.Report.Core.Aop.TransactionAsyncInterceptor.InternalInterceptAsynchronous[TResult](IInvocation invocation) in D:\gitlearngit\Admin.Core\LY.Report.Core\Aop\TransactionAsyncInterceptor.cs:line 70
   at LY.Report.Core.Areas.Sys.V1.User.Controllers.AccountController.Register(UserInfoAddInput userInfoAddInput) in D:\gitlearngit\Admin.Core\LY.Report.Core\Areas\Sys\V1\User\Controllers\AccountController.cs:line 141
   at lambda_method645(Closure , Object )
   at Microsoft.AspNetCore.Mvc.Infrastructure.ActionMethodExecutor.AwaitableObjectResultExecutor.Execute(IActionResultTypeMapper mapper, ObjectMethodExecutor executor, Object controller, Object[] arguments)
   at Microsoft.AspNetCore.Mvc.Infrastructure.ControllerActionInvoker.<InvokeActionMethodAsync>g__Logged|12_1(ControllerActionInvoker invoker)
   at Microsoft.AspNetCore.Mvc.Infrastructure.ControllerActionInvoker.<InvokeNextActionFilterAsync>g__Awaited|10_0(ControllerActionInvoker invoker, Task lastTask, State next, Scope scope, Object state, Boolean isCompleted)
   at Microsoft.AspNetCore.Mvc.Infrastructure.ControllerActionInvoker.Rethrow(ActionExecutedContextSealed context)
   at Microsoft.AspNetCore.Mvc.Infrastructure.ControllerActionInvoker.Next(State& next, Scope& scope, Object& state, Boolean& isCompleted)
   at Microsoft.AspNetCore.Mvc.Infrastructure.ControllerActionInvoker.<InvokeInnerFilterAsync>g__Awaited|13_0(ControllerActionInvoker invoker, Task lastTask, State next, Scope scope, Object state, Boolean isCompleted)
   at Microsoft.AspNetCore.Mvc.Infrastructure.ResourceInvoker.<InvokeNextExceptionFilterAsync>g__Awaited|25_0(ResourceInvoker invoker, Task lastTask, State next, Scope scope, Object state, Boolean isCompleted)|url: http://locar.api.ly.com/Api/S/V1/User/Account/Register|action: Register
2022-07-05 17:18:23.5443 ||ERROR|LY.Report.Core.Filters.AdminExceptionFilter| System.Exception: 不可附加，未设置主键的值：(41045DCD-A318-48C4-B6CE-B3727B6304B2, , 0001/1/1 0:00:00, , , False, 0, , , admin, 45E9B5C42B4F5AAE6CA5EA074AB1BC22, C7B7309F22B69327, 超级管理员, , , , 0, 0, 0, Normal, , )
   at FreeSql.DbSet`1.AttachRange(IEnumerable`1 data)
   at FreeSql.DbSet`1.Attach(TEntity data)
   at FreeSql.DbSet`1.AddPrivAsync(TEntity data, Boolean isCheck, CancellationToken cancellationToken)
   at FreeSql.BaseRepository`1.InsertAsync(TEntity entity, CancellationToken cancellationToken)
   at LY.Report.Core.Service.User.Account.AccountService.Register(UserInfoAddInput input) in D:\gitlearngit\Admin.Core\LY.Report.Core.Services\User\Account\AccountService.cs:line 478
   at LY.Report.Core.Aop.TransactionAsyncInterceptor.InternalInterceptAsynchronous[TResult](IInvocation invocation) in D:\gitlearngit\Admin.Core\LY.Report.Core\Aop\TransactionAsyncInterceptor.cs:line 70
   at LY.Report.Core.Areas.Sys.V1.User.Controllers.AccountController.Register(UserInfoAddInput userInfoAddInput) in D:\gitlearngit\Admin.Core\LY.Report.Core\Areas\Sys\V1\User\Controllers\AccountController.cs:line 141
   at lambda_method645(Closure , Object )
   at Microsoft.AspNetCore.Mvc.Infrastructure.ActionMethodExecutor.AwaitableObjectResultExecutor.Execute(IActionResultTypeMapper mapper, ObjectMethodExecutor executor, Object controller, Object[] arguments)
   at Microsoft.AspNetCore.Mvc.Infrastructure.ControllerActionInvoker.<InvokeActionMethodAsync>g__Logged|12_1(ControllerActionInvoker invoker)
   at Microsoft.AspNetCore.Mvc.Infrastructure.ControllerActionInvoker.<InvokeNextActionFilterAsync>g__Awaited|10_0(ControllerActionInvoker invoker, Task lastTask, State next, Scope scope, Object state, Boolean isCompleted)
   at Microsoft.AspNetCore.Mvc.Infrastructure.ControllerActionInvoker.Rethrow(ActionExecutedContextSealed context)
   at Microsoft.AspNetCore.Mvc.Infrastructure.ControllerActionInvoker.Next(State& next, Scope& scope, Object& state, Boolean& isCompleted)
   at Microsoft.AspNetCore.Mvc.Infrastructure.ControllerActionInvoker.<InvokeInnerFilterAsync>g__Awaited|13_0(ControllerActionInvoker invoker, Task lastTask, State next, Scope scope, Object state, Boolean isCompleted)
   at Microsoft.AspNetCore.Mvc.Infrastructure.ResourceInvoker.<InvokeNextExceptionFilterAsync>g__Awaited|25_0(ResourceInvoker invoker, Task lastTask, State next, Scope scope, Object state, Boolean isCompleted)|url: http://locar.api.ly.com/Api/S/V1/User/Account/Register|action: Register
2022-07-05 17:21:54.2235 ||ERROR|LY.Report.Core.Attributes.ValidateInputAttribute|Unexpected end when deserializing object. Path 'nickName', line 5, position 0. |url: http://locar.api.ly.com/Api/S/V1/User/Account/Register|action: Register
2022-07-05 17:22:26.5851 ||ERROR|LY.Report.Core.Attributes.ValidateInputAttribute|Unexpected end when deserializing object. Path 'nickName', line 5, position 0. |url: http://locar.api.ly.com/Api/S/V1/User/Account/Register|action: Register
2022-07-05 17:22:28.8245 ||ERROR|LY.Report.Core.Attributes.ValidateInputAttribute|Unexpected end when deserializing object. Path 'nickName', line 5, position 0. |url: http://locar.api.ly.com/Api/S/V1/User/Account/Register|action: Register
2022-07-05 17:22:52.7203 ||ERROR|LY.Report.Core.Attributes.ValidateInputAttribute|Unexpected end when deserializing object. Path 'nickName', line 5, position 0. |url: http://locar.api.ly.com/Api/S/V1/User/Account/Register|action: Register
2022-07-05 17:23:00.2433 ||ERROR|LY.Report.Core.Attributes.ValidateInputAttribute|Unexpected end when deserializing object. Path 'nickName', line 5, position 0. |url: http://locar.api.ly.com/Api/S/V1/User/Account/Register|action: Register
2022-07-05 17:23:00.8630 ||ERROR|LY.Report.Core.Attributes.ValidateInputAttribute|Unexpected end when deserializing object. Path 'nickName', line 5, position 0. |url: http://locar.api.ly.com/Api/S/V1/User/Account/Register|action: Register
2022-07-05 17:23:01.2070 ||ERROR|LY.Report.Core.Attributes.ValidateInputAttribute|Unexpected end when deserializing object. Path 'nickName', line 5, position 0. |url: http://locar.api.ly.com/Api/S/V1/User/Account/Register|action: Register
2022-07-05 17:23:01.4383 ||ERROR|LY.Report.Core.Attributes.ValidateInputAttribute|Unexpected end when deserializing object. Path 'nickName', line 5, position 0. |url: http://locar.api.ly.com/Api/S/V1/User/Account/Register|action: Register
2022-07-05 17:23:01.6837 ||ERROR|LY.Report.Core.Attributes.ValidateInputAttribute|Unexpected end when deserializing object. Path 'nickName', line 5, position 0. |url: http://locar.api.ly.com/Api/S/V1/User/Account/Register|action: Register
2022-07-05 17:23:01.9377 ||ERROR|LY.Report.Core.Attributes.ValidateInputAttribute|Unexpected end when deserializing object. Path 'nickName', line 5, position 0. |url: http://locar.api.ly.com/Api/S/V1/User/Account/Register|action: Register
2022-07-05 17:23:02.1567 ||ERROR|LY.Report.Core.Attributes.ValidateInputAttribute|Unexpected end when deserializing object. Path 'nickName', line 5, position 0. |url: http://locar.api.ly.com/Api/S/V1/User/Account/Register|action: Register
2022-07-05 17:23:02.3648 ||ERROR|LY.Report.Core.Attributes.ValidateInputAttribute|Unexpected end when deserializing object. Path 'nickName', line 5, position 0. |url: http://locar.api.ly.com/Api/S/V1/User/Account/Register|action: Register
